TN:
SF:src\presentation\controllers\signup.ts
FN:15,(anonymous_0)
FN:20,(anonymous_1)
FNF:2
FNH:2
FNDA:10,(anonymous_0)
FNDA:9,(anonymous_1)
DA:3,1
DA:4,1
DA:12,1
DA:16,10
DA:17,10
DA:21,9
DA:22,9
DA:28,9
DA:29,30
DA:30,4
DA:34,5
DA:36,5
DA:37,1
DA:40,4
DA:41,3
DA:42,1
DA:45,2
DA:51,1
LF:18
LH:18
BRDA:29,0,0,4
BRDA:36,1,0,1
BRDA:41,2,0,1
BRF:3
BRH:3
end_of_record
TN:
SF:src\presentation\errors\invalid-param-error.ts
FN:2,(anonymous_0)
FNF:1
FNH:1
FNDA:4,(anonymous_0)
DA:1,1
DA:3,4
DA:4,4
LF:3
LH:3
BRF:0
BRH:0
end_of_record
TN:
SF:src\presentation\errors\missing-params-errors.ts
FN:2,(anonymous_0)
FNF:1
FNH:1
FNDA:8,(anonymous_0)
DA:1,1
DA:3,8
DA:4,8
LF:3
LH:3
BRF:0
BRH:0
end_of_record
TN:
SF:src\presentation\errors\server-error.ts
FN:2,(anonymous_0)
FNF:1
FNH:1
FNDA:2,(anonymous_0)
DA:1,1
DA:3,2
DA:4,2
LF:3
LH:3
BRF:0
BRH:0
end_of_record
TN:
SF:src\presentation\helpers\http-helper.ts
FN:4,(anonymous_0)
FN:9,(anonymous_1)
FNF:2
FNH:2
FNDA:6,(anonymous_0)
FNDA:1,(anonymous_1)
DA:1,1
DA:4,6
DA:9,1
LF:3
LH:3
BRF:0
BRH:0
end_of_record
